2019-02-25 11:03:13.253  INFO 8056 --- [main] com.ws718.ClientApplication              : Starting ClientApplication on PC-201901241237 with PID 8056 (E:\YCC\client\target\classes started by Administrator in E:\YCC\client)
2019-02-25 11:03:13.255  INFO 8056 --- [main] com.ws718.ClientApplication              : No active profile set, falling back to default profiles: default
2019-02-25 11:03:13.296  INFO 8056 --- [main] ationConfigEmbeddedWebApplicationContext : Refreshing org.springframework.boot.context.embedded.AnnotationConfigEmbeddedWebApplicationContext@c5a44e: startup date [Mon Feb 25 11:03:13 CST 2019]; root of context hierarchy
2019-02-25 11:03:14.515  INFO 8056 --- [main] s.b.c.e.t.TomcatEmbeddedServletContainer : Tomcat initialized with port(s): 8089 (http)
2019-02-25 11:03:14.562  INFO 8056 --- [main] o.apache.catalina.core.StandardService   : Starting service [Tomcat]
2019-02-25 11:03:14.562  INFO 8056 --- [main] org.apache.catalina.core.StandardEngine  : Starting Servlet Engine: Apache Tomcat/8.5.34
2019-02-25 11:03:14.678  INFO 8056 --- [localhost-startStop-1] o.a.c.c.C.[Tomcat].[localhost].[/]       : Initializing Spring embedded WebApplicationContext
2019-02-25 11:03:14.679  INFO 8056 --- [localhost-startStop-1] o.s.web.context.ContextLoader            : Root WebApplicationContext: initialization completed in 1384 ms
2019-02-25 11:03:14.961  INFO 8056 --- [localhost-startStop-1] o.s.b.w.servlet.ServletRegistrationBean  : Mapping servlet: 'dispatcherServlet' to [/]
2019-02-25 11:03:14.966  INFO 8056 --- [localhost-startStop-1] o.s.b.w.servlet.FilterRegistrationBean   : Mapping filter: 'characterEncodingFilter' to: [/*]
2019-02-25 11:03:14.966  INFO 8056 --- [localhost-startStop-1] o.s.b.w.servlet.FilterRegistrationBean   : Mapping filter: 'hiddenHttpMethodFilter' to: [/*]
2019-02-25 11:03:14.967  INFO 8056 --- [localhost-startStop-1] o.s.b.w.servlet.FilterRegistrationBean   : Mapping filter: 'httpPutFormContentFilter' to: [/*]
2019-02-25 11:03:14.967  INFO 8056 --- [localhost-startStop-1] o.s.b.w.servlet.FilterRegistrationBean   : Mapping filter: 'requestContextFilter' to: [/*]
2019-02-25 11:03:15.363  INFO 8056 --- [main] s.w.s.m.m.a.RequestMappingHandlerAdapter : Looking for @ControllerAdvice: org.springframework.boot.context.embedded.AnnotationConfigEmbeddedWebApplicationContext@c5a44e: startup date [Mon Feb 25 11:03:13 CST 2019]; root of context hierarchy
2019-02-25 11:03:15.415  INFO 8056 --- [main] s.w.s.m.m.a.RequestMappingHandlerMapping : Mapped "{[/]}" onto public java.lang.String com.ws718.config.DefaultView.index()
2019-02-25 11:03:15.416  INFO 8056 --- [main] s.w.s.m.m.a.RequestMappingHandlerMapping : Mapped "{[/queryData],methods=[POST]}" onto public java.lang.String com.ws718.controller.WebService718Con.queryData(java.lang.String)
2019-02-25 11:03:15.418  INFO 8056 --- [main] s.w.s.m.m.a.RequestMappingHandlerMapping : Mapped "{[/error],produces=[text/html]}" onto public org.springframework.web.servlet.ModelAndView org.springframework.boot.autoconfigure.web.BasicErrorController.errorHtml(javax.servlet.http.HttpServletRequest,javax.servlet.http.HttpServletResponse)
2019-02-25 11:03:15.418  INFO 8056 --- [main] s.w.s.m.m.a.RequestMappingHandlerMapping : Mapped "{[/error]}" onto public org.springframework.http.ResponseEntity<java.util.Map<java.lang.String, java.lang.Object>> org.springframework.boot.autoconfigure.web.BasicErrorController.error(javax.servlet.http.HttpServletRequest)
2019-02-25 11:03:15.438  INFO 8056 --- [main] o.s.w.s.handler.SimpleUrlHandlerMapping  : Mapped URL path [/webjars/**] onto handler of type [class org.springframework.web.servlet.resource.ResourceHttpRequestHandler]
2019-02-25 11:03:15.438  INFO 8056 --- [main] o.s.w.s.handler.SimpleUrlHandlerMapping  : Mapped URL path [/**] onto handler of type [class org.springframework.web.servlet.resource.ResourceHttpRequestHandler]
2019-02-25 11:03:15.465  INFO 8056 --- [main] o.s.w.s.handler.SimpleUrlHandlerMapping  : Mapped URL path [/**/favicon.ico] onto handler of type [class org.springframework.web.servlet.resource.ResourceHttpRequestHandler]
2019-02-25 11:03:15.479  INFO 8056 --- [main] oConfiguration$WelcomePageHandlerMapping : Adding welcome page: class path resource [static/index.html]
2019-02-25 11:03:15.553  INFO 8056 --- [main] o.s.j.e.a.AnnotationMBeanExporter        : Registering beans for JMX exposure on startup
2019-02-25 11:03:15.577  INFO 8056 --- [main] s.b.c.e.t.TomcatEmbeddedServletContainer : Tomcat started on port(s): 8089 (http)
2019-02-25 11:03:15.580  INFO 8056 --- [main] com.ws718.ClientApplication              : Started ClientApplication in 2.624 seconds (JVM running for 2.833)
2019-02-25 11:03:24.701  INFO 8056 --- [http-nio-8089-exec-1] o.apache.tomcat.util.http.parser.Cookie  : A cookie header was received [1548321634,1548375779; Webstorm-888d9c1f=fbc505f5-e4f3-4a51-a7c4-f3b5f3c295c0] that contained an invalid cookie. That cookie will be ignored.Note: further occurrences of this error will be logged at DEBUG level.
2019-02-25 11:03:24.708  INFO 8056 --- [http-nio-8089-exec-1] o.a.c.c.C.[Tomcat].[localhost].[/]       : Initializing Spring FrameworkServlet 'dispatcherServlet'
2019-02-25 11:03:24.708  INFO 8056 --- [http-nio-8089-exec-1] o.s.web.servlet.DispatcherServlet        : FrameworkServlet 'dispatcherServlet': initialization started
2019-02-25 11:03:24.721  INFO 8056 --- [http-nio-8089-exec-1] o.s.web.servlet.DispatcherServlet        : FrameworkServlet 'dispatcherServlet': initialization completed in 13 ms
2019-02-25 14:10:31.605  INFO 8868 --- [main] com.ws718.ClientApplication              : Starting ClientApplication on PC-201901241237 with PID 8868 (E:\YCC\client\target\classes started by Administrator in E:\YCC\client)
2019-02-25 14:10:31.607  INFO 8868 --- [main] com.ws718.ClientApplication              : No active profile set, falling back to default profiles: default
2019-02-25 14:10:31.645  INFO 8868 --- [main] ationConfigEmbeddedWebApplicationContext : Refreshing org.springframework.boot.context.embedded.AnnotationConfigEmbeddedWebApplicationContext@1823290: startup date [Mon Feb 25 14:10:31 CST 2019]; root of context hierarchy
2019-02-25 14:10:32.729  INFO 8868 --- [main] s.b.c.e.t.TomcatEmbeddedServletContainer : Tomcat initialized with port(s): 8089 (http)
2019-02-25 14:10:32.747  INFO 8868 --- [main] o.apache.catalina.core.StandardService   : Starting service [Tomcat]
2019-02-25 14:10:32.747  INFO 8868 --- [main] org.apache.catalina.core.StandardEngine  : Starting Servlet Engine: Apache Tomcat/8.5.34
2019-02-25 14:10:32.823  INFO 8868 --- [localhost-startStop-1] o.a.c.c.C.[Tomcat].[localhost].[/]       : Initializing Spring embedded WebApplicationContext
2019-02-25 14:10:32.824  INFO 8868 --- [localhost-startStop-1] o.s.web.context.ContextLoader            : Root WebApplicationContext: initialization completed in 1180 ms
2019-02-25 14:10:32.948  INFO 8868 --- [localhost-startStop-1] o.s.b.w.servlet.ServletRegistrationBean  : Mapping servlet: 'dispatcherServlet' to [/]
2019-02-25 14:10:32.950  INFO 8868 --- [localhost-startStop-1] o.s.b.w.servlet.FilterRegistrationBean   : Mapping filter: 'characterEncodingFilter' to: [/*]
2019-02-25 14:10:32.951  INFO 8868 --- [localhost-startStop-1] o.s.b.w.servlet.FilterRegistrationBean   : Mapping filter: 'hiddenHttpMethodFilter' to: [/*]
2019-02-25 14:10:32.951  INFO 8868 --- [localhost-startStop-1] o.s.b.w.servlet.FilterRegistrationBean   : Mapping filter: 'httpPutFormContentFilter' to: [/*]
2019-02-25 14:10:32.951  INFO 8868 --- [localhost-startStop-1] o.s.b.w.servlet.FilterRegistrationBean   : Mapping filter: 'requestContextFilter' to: [/*]
2019-02-25 14:10:33.232  INFO 8868 --- [main] s.w.s.m.m.a.RequestMappingHandlerAdapter : Looking for @ControllerAdvice: org.springframework.boot.context.embedded.AnnotationConfigEmbeddedWebApplicationContext@1823290: startup date [Mon Feb 25 14:10:31 CST 2019]; root of context hierarchy
2019-02-25 14:10:33.278  INFO 8868 --- [main] s.w.s.m.m.a.RequestMappingHandlerMapping : Mapped "{[/]}" onto public java.lang.String com.ws718.config.DefaultView.index()
2019-02-25 14:10:33.279  INFO 8868 --- [main] s.w.s.m.m.a.RequestMappingHandlerMapping : Mapped "{[/queryData],methods=[POST]}" onto public java.lang.String com.ws718.controller.WebService718Con.queryData(java.lang.String)
2019-02-25 14:10:33.281  INFO 8868 --- [main] s.w.s.m.m.a.RequestMappingHandlerMapping : Mapped "{[/error],produces=[text/html]}" onto public org.springframework.web.servlet.ModelAndView org.springframework.boot.autoconfigure.web.BasicErrorController.errorHtml(javax.servlet.http.HttpServletRequest,javax.servlet.http.HttpServletResponse)
2019-02-25 14:10:33.281  INFO 8868 --- [main] s.w.s.m.m.a.RequestMappingHandlerMapping : Mapped "{[/error]}" onto public org.springframework.http.ResponseEntity<java.util.Map<java.lang.String, java.lang.Object>> org.springframework.boot.autoconfigure.web.BasicErrorController.error(javax.servlet.http.HttpServletRequest)
2019-02-25 14:10:33.301  INFO 8868 --- [main] o.s.w.s.handler.SimpleUrlHandlerMapping  : Mapped URL path [/webjars/**] onto handler of type [class org.springframework.web.servlet.resource.ResourceHttpRequestHandler]
2019-02-25 14:10:33.301  INFO 8868 --- [main] o.s.w.s.handler.SimpleUrlHandlerMapping  : Mapped URL path [/**] onto handler of type [class org.springframework.web.servlet.resource.ResourceHttpRequestHandler]
2019-02-25 14:10:33.329  INFO 8868 --- [main] o.s.w.s.handler.SimpleUrlHandlerMapping  : Mapped URL path [/**/favicon.ico] onto handler of type [class org.springframework.web.servlet.resource.ResourceHttpRequestHandler]
2019-02-25 14:10:33.343  INFO 8868 --- [main] oConfiguration$WelcomePageHandlerMapping : Adding welcome page: class path resource [static/index.html]
2019-02-25 14:10:33.415  INFO 8868 --- [main] o.s.j.e.a.AnnotationMBeanExporter        : Registering beans for JMX exposure on startup
2019-02-25 14:10:33.440  INFO 8868 --- [main] s.b.c.e.t.TomcatEmbeddedServletContainer : Tomcat started on port(s): 8089 (http)
2019-02-25 14:10:33.443  INFO 8868 --- [main] com.ws718.ClientApplication              : Started ClientApplication in 2.081 seconds (JVM running for 2.295)
2019-02-25 14:10:37.665  INFO 8868 --- [http-nio-8089-exec-1] o.apache.tomcat.util.http.parser.Cookie  : A cookie header was received [1548321634,1548375779; Webstorm-888d9c1f=fbc505f5-e4f3-4a51-a7c4-f3b5f3c295c0] that contained an invalid cookie. That cookie will be ignored.Note: further occurrences of this error will be logged at DEBUG level.
2019-02-25 14:10:37.671  INFO 8868 --- [http-nio-8089-exec-1] o.a.c.c.C.[Tomcat].[localhost].[/]       : Initializing Spring FrameworkServlet 'dispatcherServlet'
2019-02-25 14:10:37.671  INFO 8868 --- [http-nio-8089-exec-1] o.s.web.servlet.DispatcherServlet        : FrameworkServlet 'dispatcherServlet': initialization started
2019-02-25 14:10:37.684  INFO 8868 --- [http-nio-8089-exec-1] o.s.web.servlet.DispatcherServlet        : FrameworkServlet 'dispatcherServlet': initialization completed in 13 ms
2019-02-25 14:15:27.705  INFO 7824 --- [main] com.ws718.ClientApplication              : Starting ClientApplication on PC-201901241237 with PID 7824 (E:\YCC\client\target\classes started by Administrator in E:\YCC\client)
2019-02-25 14:15:27.708  INFO 7824 --- [main] com.ws718.ClientApplication              : No active profile set, falling back to default profiles: default
2019-02-25 14:15:27.746  INFO 7824 --- [main] ationConfigEmbeddedWebApplicationContext : Refreshing org.springframework.boot.context.embedded.AnnotationConfigEmbeddedWebApplicationContext@6b0a6a: startup date [Mon Feb 25 14:15:27 CST 2019]; root of context hierarchy
2019-02-25 14:15:28.931  INFO 7824 --- [main] s.b.c.e.t.TomcatEmbeddedServletContainer : Tomcat initialized with port(s): 8089 (http)
2019-02-25 14:15:28.950  INFO 7824 --- [main] o.apache.catalina.core.StandardService   : Starting service [Tomcat]
2019-02-25 14:15:28.951  INFO 7824 --- [main] org.apache.catalina.core.StandardEngine  : Starting Servlet Engine: Apache Tomcat/8.5.34
2019-02-25 14:15:29.054  INFO 7824 --- [localhost-startStop-1] o.a.c.c.C.[Tomcat].[localhost].[/]       : Initializing Spring embedded WebApplicationContext
2019-02-25 14:15:29.055  INFO 7824 --- [localhost-startStop-1] o.s.web.context.ContextLoader            : Root WebApplicationContext: initialization completed in 1309 ms
2019-02-25 14:15:29.154  INFO 7824 --- [localhost-startStop-1] o.s.b.w.servlet.ServletRegistrationBean  : Mapping servlet: 'dispatcherServlet' to [/]
2019-02-25 14:15:29.157  INFO 7824 --- [localhost-startStop-1] o.s.b.w.servlet.FilterRegistrationBean   : Mapping filter: 'characterEncodingFilter' to: [/*]
2019-02-25 14:15:29.157  INFO 7824 --- [localhost-startStop-1] o.s.b.w.servlet.FilterRegistrationBean   : Mapping filter: 'hiddenHttpMethodFilter' to: [/*]
2019-02-25 14:15:29.157  INFO 7824 --- [localhost-startStop-1] o.s.b.w.servlet.FilterRegistrationBean   : Mapping filter: 'httpPutFormContentFilter' to: [/*]
2019-02-25 14:15:29.157  INFO 7824 --- [localhost-startStop-1] o.s.b.w.servlet.FilterRegistrationBean   : Mapping filter: 'requestContextFilter' to: [/*]
2019-02-25 14:15:29.414  INFO 7824 --- [main] s.w.s.m.m.a.RequestMappingHandlerAdapter : Looking for @ControllerAdvice: org.springframework.boot.context.embedded.AnnotationConfigEmbeddedWebApplicationContext@6b0a6a: startup date [Mon Feb 25 14:15:27 CST 2019]; root of context hierarchy
2019-02-25 14:15:29.463  INFO 7824 --- [main] s.w.s.m.m.a.RequestMappingHandlerMapping : Mapped "{[/]}" onto public java.lang.String com.ws718.config.DefaultView.index()
2019-02-25 14:15:29.464  INFO 7824 --- [main] s.w.s.m.m.a.RequestMappingHandlerMapping : Mapped "{[/queryData],methods=[POST]}" onto public java.lang.String com.ws718.controller.WebService718Con.queryData(java.lang.String)
2019-02-25 14:15:29.466  INFO 7824 --- [main] s.w.s.m.m.a.RequestMappingHandlerMapping : Mapped "{[/error],produces=[text/html]}" onto public org.springframework.web.servlet.ModelAndView org.springframework.boot.autoconfigure.web.BasicErrorController.errorHtml(javax.servlet.http.HttpServletRequest,javax.servlet.http.HttpServletResponse)
2019-02-25 14:15:29.466  INFO 7824 --- [main] s.w.s.m.m.a.RequestMappingHandlerMapping : Mapped "{[/error]}" onto public org.springframework.http.ResponseEntity<java.util.Map<java.lang.String, java.lang.Object>> org.springframework.boot.autoconfigure.web.BasicErrorController.error(javax.servlet.http.HttpServletRequest)
2019-02-25 14:15:29.489  INFO 7824 --- [main] o.s.w.s.handler.SimpleUrlHandlerMapping  : Mapped URL path [/webjars/**] onto handler of type [class org.springframework.web.servlet.resource.ResourceHttpRequestHandler]
2019-02-25 14:15:29.489  INFO 7824 --- [main] o.s.w.s.handler.SimpleUrlHandlerMapping  : Mapped URL path [/**] onto handler of type [class org.springframework.web.servlet.resource.ResourceHttpRequestHandler]
2019-02-25 14:15:29.513  INFO 7824 --- [main] o.s.w.s.handler.SimpleUrlHandlerMapping  : Mapped URL path [/**/favicon.ico] onto handler of type [class org.springframework.web.servlet.resource.ResourceHttpRequestHandler]
2019-02-25 14:15:29.531  INFO 7824 --- [main] oConfiguration$WelcomePageHandlerMapping : Adding welcome page: class path resource [static/index.html]
2019-02-25 14:15:29.611  INFO 7824 --- [main] o.s.j.e.a.AnnotationMBeanExporter        : Registering beans for JMX exposure on startup
2019-02-25 14:15:29.634  INFO 7824 --- [main] s.b.c.e.t.TomcatEmbeddedServletContainer : Tomcat started on port(s): 8089 (http)
2019-02-25 14:15:29.637  INFO 7824 --- [main] com.ws718.ClientApplication              : Started ClientApplication in 2.185 seconds (JVM running for 2.425)
2019-02-25 14:15:29.674  INFO 7824 --- [http-nio-8089-exec-1] o.apache.tomcat.util.http.parser.Cookie  : A cookie header was received [1548321634,1548375779] that contained an invalid cookie. That cookie will be ignored.Note: further occurrences of this error will be logged at DEBUG level.
2019-02-25 14:15:29.679  INFO 7824 --- [http-nio-8089-exec-1] o.a.c.c.C.[Tomcat].[localhost].[/]       : Initializing Spring FrameworkServlet 'dispatcherServlet'
2019-02-25 14:15:29.679  INFO 7824 --- [http-nio-8089-exec-1] o.s.web.servlet.DispatcherServlet        : FrameworkServlet 'dispatcherServlet': initialization started
2019-02-25 14:15:29.691  INFO 7824 --- [http-nio-8089-exec-1] o.s.web.servlet.DispatcherServlet        : FrameworkServlet 'dispatcherServlet': initialization completed in 12 ms
2019-02-25 14:32:18.845  INFO 5748 --- [main] com.ws718.ClientApplication              : Starting ClientApplication on PC-201901241237 with PID 5748 (E:\YCC\client\target\classes started by Administrator in E:\YCC\client)
2019-02-25 14:32:18.847  INFO 5748 --- [main] com.ws718.ClientApplication              : No active profile set, falling back to default profiles: default
2019-02-25 14:32:18.894  INFO 5748 --- [main] ationConfigEmbeddedWebApplicationContext : Refreshing org.springframework.boot.context.embedded.AnnotationConfigEmbeddedWebApplicationContext@122cbaf: startup date [Mon Feb 25 14:32:18 CST 2019]; root of context hierarchy
2019-02-25 14:32:20.040  INFO 5748 --- [main] s.b.c.e.t.TomcatEmbeddedServletContainer : Tomcat initialized with port(s): 8089 (http)
2019-02-25 14:32:20.059  INFO 5748 --- [main] o.apache.catalina.core.StandardService   : Starting service [Tomcat]
2019-02-25 14:32:20.059  INFO 5748 --- [main] org.apache.catalina.core.StandardEngine  : Starting Servlet Engine: Apache Tomcat/8.5.34
2019-02-25 14:32:20.139  INFO 5748 --- [localhost-startStop-1] o.a.c.c.C.[Tomcat].[localhost].[/]       : Initializing Spring embedded WebApplicationContext
2019-02-25 14:32:20.140  INFO 5748 --- [localhost-startStop-1] o.s.web.context.ContextLoader            : Root WebApplicationContext: initialization completed in 1246 ms
2019-02-25 14:32:20.226  INFO 5748 --- [localhost-startStop-1] o.s.b.w.servlet.ServletRegistrationBean  : Mapping servlet: 'dispatcherServlet' to [/]
2019-02-25 14:32:20.228  INFO 5748 --- [localhost-startStop-1] o.s.b.w.servlet.FilterRegistrationBean   : Mapping filter: 'characterEncodingFilter' to: [/*]
2019-02-25 14:32:20.229  INFO 5748 --- [localhost-startStop-1] o.s.b.w.servlet.FilterRegistrationBean   : Mapping filter: 'hiddenHttpMethodFilter' to: [/*]
2019-02-25 14:32:20.229  INFO 5748 --- [localhost-startStop-1] o.s.b.w.servlet.FilterRegistrationBean   : Mapping filter: 'httpPutFormContentFilter' to: [/*]
2019-02-25 14:32:20.229  INFO 5748 --- [localhost-startStop-1] o.s.b.w.servlet.FilterRegistrationBean   : Mapping filter: 'requestContextFilter' to: [/*]
2019-02-25 14:32:20.454  INFO 5748 --- [main] s.w.s.m.m.a.RequestMappingHandlerAdapter : Looking for @ControllerAdvice: org.springframework.boot.context.embedded.AnnotationConfigEmbeddedWebApplicationContext@122cbaf: startup date [Mon Feb 25 14:32:18 CST 2019]; root of context hierarchy
2019-02-25 14:32:20.501  INFO 5748 --- [main] s.w.s.m.m.a.RequestMappingHandlerMapping : Mapped "{[/]}" onto public java.lang.String com.ws718.config.DefaultView.index()
2019-02-25 14:32:20.502  INFO 5748 --- [main] s.w.s.m.m.a.RequestMappingHandlerMapping : Mapped "{[/queryData],methods=[POST]}" onto public java.lang.String com.ws718.controller.WebService718Con.queryData(java.lang.String)
2019-02-25 14:32:20.503  INFO 5748 --- [main] s.w.s.m.m.a.RequestMappingHandlerMapping : Mapped "{[/error],produces=[text/html]}" onto public org.springframework.web.servlet.ModelAndView org.springframework.boot.autoconfigure.web.BasicErrorController.errorHtml(javax.servlet.http.HttpServletRequest,javax.servlet.http.HttpServletResponse)
2019-02-25 14:32:20.504  INFO 5748 --- [main] s.w.s.m.m.a.RequestMappingHandlerMapping : Mapped "{[/error]}" onto public org.springframework.http.ResponseEntity<java.util.Map<java.lang.String, java.lang.Object>> org.springframework.boot.autoconfigure.web.BasicErrorController.error(javax.servlet.http.HttpServletRequest)
2019-02-25 14:32:20.524  INFO 5748 --- [main] o.s.w.s.handler.SimpleUrlHandlerMapping  : Mapped URL path [/webjars/**] onto handler of type [class org.springframework.web.servlet.resource.ResourceHttpRequestHandler]
2019-02-25 14:32:20.524  INFO 5748 --- [main] o.s.w.s.handler.SimpleUrlHandlerMapping  : Mapped URL path [/**] onto handler of type [class org.springframework.web.servlet.resource.ResourceHttpRequestHandler]
2019-02-25 14:32:20.551  INFO 5748 --- [main] o.s.w.s.handler.SimpleUrlHandlerMapping  : Mapped URL path [/**/favicon.ico] onto handler of type [class org.springframework.web.servlet.resource.ResourceHttpRequestHandler]
2019-02-25 14:32:20.565  INFO 5748 --- [main] oConfiguration$WelcomePageHandlerMapping : Adding welcome page: class path resource [static/index.html]
2019-02-25 14:32:20.640  INFO 5748 --- [main] o.s.j.e.a.AnnotationMBeanExporter        : Registering beans for JMX exposure on startup
2019-02-25 14:32:20.666  INFO 5748 --- [main] s.b.c.e.t.TomcatEmbeddedServletContainer : Tomcat started on port(s): 8089 (http)
2019-02-25 14:32:20.669  INFO 5748 --- [main] com.ws718.ClientApplication              : Started ClientApplication in 2.094 seconds (JVM running for 2.325)
2019-02-25 14:32:22.605  INFO 5748 --- [http-nio-8089-exec-1] o.apache.tomcat.util.http.parser.Cookie  : A cookie header was received [1548321634,1548375779; Webstorm-888d9c1f=fbc505f5-e4f3-4a51-a7c4-f3b5f3c295c0] that contained an invalid cookie. That cookie will be ignored.Note: further occurrences of this error will be logged at DEBUG level.
2019-02-25 14:32:22.611  INFO 5748 --- [http-nio-8089-exec-1] o.a.c.c.C.[Tomcat].[localhost].[/]       : Initializing Spring FrameworkServlet 'dispatcherServlet'
2019-02-25 14:32:22.611  INFO 5748 --- [http-nio-8089-exec-1] o.s.web.servlet.DispatcherServlet        : FrameworkServlet 'dispatcherServlet': initialization started
2019-02-25 14:32:22.621  INFO 5748 --- [http-nio-8089-exec-1] o.s.web.servlet.DispatcherServlet        : FrameworkServlet 'dispatcherServlet': initialization completed in 10 ms
2019-02-25 14:32:57.107  INFO 10684 --- [main] com.ws718.ClientApplication              : Starting ClientApplication on PC-201901241237 with PID 10684 (E:\YCC\client\target\classes started by Administrator in E:\YCC\client)
2019-02-25 14:32:57.109  INFO 10684 --- [main] com.ws718.ClientApplication              : No active profile set, falling back to default profiles: default
2019-02-25 14:32:57.164  INFO 10684 --- [main] ationConfigEmbeddedWebApplicationContext : Refreshing org.springframework.boot.context.embedded.AnnotationConfigEmbeddedWebApplicationContext@122cbaf: startup date [Mon Feb 25 14:32:57 CST 2019]; root of context hierarchy
2019-02-25 14:32:58.291  INFO 10684 --- [main] s.b.c.e.t.TomcatEmbeddedServletContainer : Tomcat initialized with port(s): 8089 (http)
2019-02-25 14:32:58.312  INFO 10684 --- [main] o.apache.catalina.core.StandardService   : Starting service [Tomcat]
2019-02-25 14:32:58.312  INFO 10684 --- [main] org.apache.catalina.core.StandardEngine  : Starting Servlet Engine: Apache Tomcat/8.5.34
2019-02-25 14:32:58.391  INFO 10684 --- [localhost-startStop-1] o.a.c.c.C.[Tomcat].[localhost].[/]       : Initializing Spring embedded WebApplicationContext
2019-02-25 14:32:58.391  INFO 10684 --- [localhost-startStop-1] o.s.web.context.ContextLoader            : Root WebApplicationContext: initialization completed in 1227 ms
2019-02-25 14:32:58.480  INFO 10684 --- [localhost-startStop-1] o.s.b.w.servlet.ServletRegistrationBean  : Mapping servlet: 'dispatcherServlet' to [/]
2019-02-25 14:32:58.482  INFO 10684 --- [localhost-startStop-1] o.s.b.w.servlet.FilterRegistrationBean   : Mapping filter: 'characterEncodingFilter' to: [/*]
2019-02-25 14:32:58.483  INFO 10684 --- [localhost-startStop-1] o.s.b.w.servlet.FilterRegistrationBean   : Mapping filter: 'hiddenHttpMethodFilter' to: [/*]
2019-02-25 14:32:58.483  INFO 10684 --- [localhost-startStop-1] o.s.b.w.servlet.FilterRegistrationBean   : Mapping filter: 'httpPutFormContentFilter' to: [/*]
2019-02-25 14:32:58.483  INFO 10684 --- [localhost-startStop-1] o.s.b.w.servlet.FilterRegistrationBean   : Mapping filter: 'requestContextFilter' to: [/*]
2019-02-25 14:32:58.691  INFO 10684 --- [main] s.w.s.m.m.a.RequestMappingHandlerAdapter : Looking for @ControllerAdvice: org.springframework.boot.context.embedded.AnnotationConfigEmbeddedWebApplicationContext@122cbaf: startup date [Mon Feb 25 14:32:57 CST 2019]; root of context hierarchy
2019-02-25 14:32:58.741  INFO 10684 --- [main] s.w.s.m.m.a.RequestMappingHandlerMapping : Mapped "{[/]}" onto public java.lang.String com.ws718.config.DefaultView.index()
2019-02-25 14:32:58.742  INFO 10684 --- [main] s.w.s.m.m.a.RequestMappingHandlerMapping : Mapped "{[/queryData],methods=[POST]}" onto public java.lang.String com.ws718.controller.WebService718Con.queryData(java.lang.String)
2019-02-25 14:32:58.744  INFO 10684 --- [main] s.w.s.m.m.a.RequestMappingHandlerMapping : Mapped "{[/error],produces=[text/html]}" onto public org.springframework.web.servlet.ModelAndView org.springframework.boot.autoconfigure.web.BasicErrorController.errorHtml(javax.servlet.http.HttpServletRequest,javax.servlet.http.HttpServletResponse)
2019-02-25 14:32:58.744  INFO 10684 --- [main] s.w.s.m.m.a.RequestMappingHandlerMapping : Mapped "{[/error]}" onto public org.springframework.http.ResponseEntity<java.util.Map<java.lang.String, java.lang.Object>> org.springframework.boot.autoconfigure.web.BasicErrorController.error(javax.servlet.http.HttpServletRequest)
2019-02-25 14:32:58.766  INFO 10684 --- [main] o.s.w.s.handler.SimpleUrlHandlerMapping  : Mapped URL path [/webjars/**] onto handler of type [class org.springframework.web.servlet.resource.ResourceHttpRequestHandler]
2019-02-25 14:32:58.766  INFO 10684 --- [main] o.s.w.s.handler.SimpleUrlHandlerMapping  : Mapped URL path [/**] onto handler of type [class org.springframework.web.servlet.resource.ResourceHttpRequestHandler]
2019-02-25 14:32:58.793  INFO 10684 --- [main] o.s.w.s.handler.SimpleUrlHandlerMapping  : Mapped URL path [/**/favicon.ico] onto handler of type [class org.springframework.web.servlet.resource.ResourceHttpRequestHandler]
2019-02-25 14:32:58.808  INFO 10684 --- [main] oConfiguration$WelcomePageHandlerMapping : Adding welcome page: class path resource [static/index.html]
2019-02-25 14:32:58.883  INFO 10684 --- [main] o.s.j.e.a.AnnotationMBeanExporter        : Registering beans for JMX exposure on startup
2019-02-25 14:32:58.910  INFO 10684 --- [main] s.b.c.e.t.TomcatEmbeddedServletContainer : Tomcat started on port(s): 8089 (http)
2019-02-25 14:32:58.913  INFO 10684 --- [main] com.ws718.ClientApplication              : Started ClientApplication in 2.059 seconds (JVM running for 2.273)
2019-02-25 14:33:38.830  INFO 11012 --- [main] com.ws718.ClientApplication              : Starting ClientApplication on PC-201901241237 with PID 11012 (E:\YCC\client\target\classes started by Administrator in E:\YCC\client)
2019-02-25 14:33:38.834  INFO 11012 --- [main] com.ws718.ClientApplication              : No active profile set, falling back to default profiles: default
2019-02-25 14:33:38.874  INFO 11012 --- [main] ationConfigEmbeddedWebApplicationContext : Refreshing org.springframework.boot.context.embedded.AnnotationConfigEmbeddedWebApplicationContext@1d6d441: startup date [Mon Feb 25 14:33:38 CST 2019]; root of context hierarchy
2019-02-25 14:33:39.973  INFO 11012 --- [main] s.b.c.e.t.TomcatEmbeddedServletContainer : Tomcat initialized with port(s): 8089 (http)
2019-02-25 14:33:39.997  INFO 11012 --- [main] o.apache.catalina.core.StandardService   : Starting service [Tomcat]
2019-02-25 14:33:39.997  INFO 11012 --- [main] org.apache.catalina.core.StandardEngine  : Starting Servlet Engine: Apache Tomcat/8.5.34
2019-02-25 14:33:40.081  INFO 11012 --- [localhost-startStop-1] o.a.c.c.C.[Tomcat].[localhost].[/]       : Initializing Spring embedded WebApplicationContext
2019-02-25 14:33:40.081  INFO 11012 --- [localhost-startStop-1] o.s.web.context.ContextLoader            : Root WebApplicationContext: initialization completed in 1208 ms
2019-02-25 14:33:40.172  INFO 11012 --- [localhost-startStop-1] o.s.b.w.servlet.ServletRegistrationBean  : Mapping servlet: 'dispatcherServlet' to [/]
2019-02-25 14:33:40.175  INFO 11012 --- [localhost-startStop-1] o.s.b.w.servlet.FilterRegistrationBean   : Mapping filter: 'characterEncodingFilter' to: [/*]
2019-02-25 14:33:40.175  INFO 11012 --- [localhost-startStop-1] o.s.b.w.servlet.FilterRegistrationBean   : Mapping filter: 'hiddenHttpMethodFilter' to: [/*]
2019-02-25 14:33:40.176  INFO 11012 --- [localhost-startStop-1] o.s.b.w.servlet.FilterRegistrationBean   : Mapping filter: 'httpPutFormContentFilter' to: [/*]
2019-02-25 14:33:40.176  INFO 11012 --- [localhost-startStop-1] o.s.b.w.servlet.FilterRegistrationBean   : Mapping filter: 'requestContextFilter' to: [/*]
2019-02-25 14:33:40.386  INFO 11012 --- [main] s.w.s.m.m.a.RequestMappingHandlerAdapter : Looking for @ControllerAdvice: org.springframework.boot.context.embedded.AnnotationConfigEmbeddedWebApplicationContext@1d6d441: startup date [Mon Feb 25 14:33:38 CST 2019]; root of context hierarchy
2019-02-25 14:33:40.432  INFO 11012 --- [main] s.w.s.m.m.a.RequestMappingHandlerMapping : Mapped "{[/]}" onto public java.lang.String com.ws718.config.DefaultView.index()
2019-02-25 14:33:40.433  INFO 11012 --- [main] s.w.s.m.m.a.RequestMappingHandlerMapping : Mapped "{[/queryData],methods=[POST]}" onto public java.lang.String com.ws718.controller.WebService718Con.queryData(java.lang.String)
2019-02-25 14:33:40.434  INFO 11012 --- [main] s.w.s.m.m.a.RequestMappingHandlerMapping : Mapped "{[/error],produces=[text/html]}" onto public org.springframework.web.servlet.ModelAndView org.springframework.boot.autoconfigure.web.BasicErrorController.errorHtml(javax.servlet.http.HttpServletRequest,javax.servlet.http.HttpServletResponse)
2019-02-25 14:33:40.435  INFO 11012 --- [main] s.w.s.m.m.a.RequestMappingHandlerMapping : Mapped "{[/error]}" onto public org.springframework.http.ResponseEntity<java.util.Map<java.lang.String, java.lang.Object>> org.springframework.boot.autoconfigure.web.BasicErrorController.error(javax.servlet.http.HttpServletRequest)
2019-02-25 14:33:40.456  INFO 11012 --- [main] o.s.w.s.handler.SimpleUrlHandlerMapping  : Mapped URL path [/webjars/**] onto handler of type [class org.springframework.web.servlet.resource.ResourceHttpRequestHandler]
2019-02-25 14:33:40.456  INFO 11012 --- [main] o.s.w.s.handler.SimpleUrlHandlerMapping  : Mapped URL path [/**] onto handler of type [class org.springframework.web.servlet.resource.ResourceHttpRequestHandler]
2019-02-25 14:33:40.482  INFO 11012 --- [main] o.s.w.s.handler.SimpleUrlHandlerMapping  : Mapped URL path [/**/favicon.ico] onto handler of type [class org.springframework.web.servlet.resource.ResourceHttpRequestHandler]
2019-02-25 14:33:40.496  INFO 11012 --- [main] oConfiguration$WelcomePageHandlerMapping : Adding welcome page: class path resource [static/index.html]
2019-02-25 14:33:40.572  INFO 11012 --- [main] o.s.j.e.a.AnnotationMBeanExporter        : Registering beans for JMX exposure on startup
2019-02-25 14:33:40.603  INFO 11012 --- [main] s.b.c.e.t.TomcatEmbeddedServletContainer : Tomcat started on port(s): 8089 (http)
2019-02-25 14:33:40.609  INFO 11012 --- [main] com.ws718.ClientApplication              : Started ClientApplication in 2.02 seconds (JVM running for 2.234)
2019-02-25 14:33:43.491  INFO 11012 --- [http-nio-8089-exec-1] o.apache.tomcat.util.http.parser.Cookie  : A cookie header was received [1548321634,1548375779; Webstorm-888d9c1f=fbc505f5-e4f3-4a51-a7c4-f3b5f3c295c0] that contained an invalid cookie. That cookie will be ignored.Note: further occurrences of this error will be logged at DEBUG level.
2019-02-25 14:33:43.496  INFO 11012 --- [http-nio-8089-exec-1] o.a.c.c.C.[Tomcat].[localhost].[/]       : Initializing Spring FrameworkServlet 'dispatcherServlet'
2019-02-25 14:33:43.496  INFO 11012 --- [http-nio-8089-exec-1] o.s.web.servlet.DispatcherServlet        : FrameworkServlet 'dispatcherServlet': initialization started
2019-02-25 14:33:43.507  INFO 11012 --- [http-nio-8089-exec-1] o.s.web.servlet.DispatcherServlet        : FrameworkServlet 'dispatcherServlet': initialization completed in 11 ms
2019-02-25 14:34:20.194  INFO 5504 --- [main] com.ws718.ClientApplication              : Starting ClientApplication on PC-201901241237 with PID 5504 (E:\YCC\client\target\classes started by Administrator in E:\YCC\client)
2019-02-25 14:34:20.196  INFO 5504 --- [main] com.ws718.ClientApplication              : No active profile set, falling back to default profiles: default
2019-02-25 14:34:20.230  INFO 5504 --- [main] ationConfigEmbeddedWebApplicationContext : Refreshing org.springframework.boot.context.embedded.AnnotationConfigEmbeddedWebApplicationContext@b8e42: startup date [Mon Feb 25 14:34:20 CST 2019]; root of context hierarchy
2019-02-25 14:34:21.301  INFO 5504 --- [main] s.b.c.e.t.TomcatEmbeddedServletContainer : Tomcat initialized with port(s): 8089 (http)
2019-02-25 14:34:21.326  INFO 5504 --- [main] o.apache.catalina.core.StandardService   : Starting service [Tomcat]
2019-02-25 14:34:21.326  INFO 5504 --- [main] org.apache.catalina.core.StandardEngine  : Starting Servlet Engine: Apache Tomcat/8.5.34
2019-02-25 14:34:21.402  INFO 5504 --- [localhost-startStop-1] o.a.c.c.C.[Tomcat].[localhost].[/]       : Initializing Spring embedded WebApplicationContext
2019-02-25 14:34:21.402  INFO 5504 --- [localhost-startStop-1] o.s.web.context.ContextLoader            : Root WebApplicationContext: initialization completed in 1172 ms
2019-02-25 14:34:21.521  INFO 5504 --- [localhost-startStop-1] o.s.b.w.servlet.ServletRegistrationBean  : Mapping servlet: 'dispatcherServlet' to [/]
2019-02-25 14:34:21.523  INFO 5504 --- [localhost-startStop-1] o.s.b.w.servlet.FilterRegistrationBean   : Mapping filter: 'characterEncodingFilter' to: [/*]
2019-02-25 14:34:21.523  INFO 5504 --- [localhost-startStop-1] o.s.b.w.servlet.FilterRegistrationBean   : Mapping filter: 'hiddenHttpMethodFilter' to: [/*]
2019-02-25 14:34:21.523  INFO 5504 --- [localhost-startStop-1] o.s.b.w.servlet.FilterRegistrationBean   : Mapping filter: 'httpPutFormContentFilter' to: [/*]
2019-02-25 14:34:21.524  INFO 5504 --- [localhost-startStop-1] o.s.b.w.servlet.FilterRegistrationBean   : Mapping filter: 'requestContextFilter' to: [/*]
2019-02-25 14:34:21.724  INFO 5504 --- [main] s.w.s.m.m.a.RequestMappingHandlerAdapter : Looking for @ControllerAdvice: org.springframework.boot.context.embedded.AnnotationConfigEmbeddedWebApplicationContext@b8e42: startup date [Mon Feb 25 14:34:20 CST 2019]; root of context hierarchy
2019-02-25 14:34:21.776  INFO 5504 --- [main] s.w.s.m.m.a.RequestMappingHandlerMapping : Mapped "{[/]}" onto public java.lang.String com.ws718.config.DefaultView.index()
2019-02-25 14:34:21.777  INFO 5504 --- [main] s.w.s.m.m.a.RequestMappingHandlerMapping : Mapped "{[/queryData],methods=[POST]}" onto public java.lang.String com.ws718.controller.WebService718Con.queryData(java.lang.String)
2019-02-25 14:34:21.778  INFO 5504 --- [main] s.w.s.m.m.a.RequestMappingHandlerMapping : Mapped "{[/error],produces=[text/html]}" onto public org.springframework.web.servlet.ModelAndView org.springframework.boot.autoconfigure.web.BasicErrorController.errorHtml(javax.servlet.http.HttpServletRequest,javax.servlet.http.HttpServletResponse)
2019-02-25 14:34:21.779  INFO 5504 --- [main] s.w.s.m.m.a.RequestMappingHandlerMapping : Mapped "{[/error]}" onto public org.springframework.http.ResponseEntity<java.util.Map<java.lang.String, java.lang.Object>> org.springframework.boot.autoconfigure.web.BasicErrorController.error(javax.servlet.http.HttpServletRequest)
2019-02-25 14:34:21.796  INFO 5504 --- [main] o.s.w.s.handler.SimpleUrlHandlerMapping  : Mapped URL path [/webjars/**] onto handler of type [class org.springframework.web.servlet.resource.ResourceHttpRequestHandler]
2019-02-25 14:34:21.796  INFO 5504 --- [main] o.s.w.s.handler.SimpleUrlHandlerMapping  : Mapped URL path [/**] onto handler of type [class org.springframework.web.servlet.resource.ResourceHttpRequestHandler]
2019-02-25 14:34:21.823  INFO 5504 --- [main] o.s.w.s.handler.SimpleUrlHandlerMapping  : Mapped URL path [/**/favicon.ico] onto handler of type [class org.springframework.web.servlet.resource.ResourceHttpRequestHandler]
2019-02-25 14:34:21.837  INFO 5504 --- [main] oConfiguration$WelcomePageHandlerMapping : Adding welcome page: class path resource [static/index.html]
2019-02-25 14:34:21.911  INFO 5504 --- [main] o.s.j.e.a.AnnotationMBeanExporter        : Registering beans for JMX exposure on startup
2019-02-25 14:34:21.937  INFO 5504 --- [main] s.b.c.e.t.TomcatEmbeddedServletContainer : Tomcat started on port(s): 8089 (http)
2019-02-25 14:34:21.940  INFO 5504 --- [main] com.ws718.ClientApplication              : Started ClientApplication in 1.996 seconds (JVM running for 2.209)
2019-02-25 14:34:24.739  INFO 5504 --- [http-nio-8089-exec-1] o.apache.tomcat.util.http.parser.Cookie  : A cookie header was received [1548321634,1548375779; Webstorm-888d9c1f=fbc505f5-e4f3-4a51-a7c4-f3b5f3c295c0] that contained an invalid cookie. That cookie will be ignored.Note: further occurrences of this error will be logged at DEBUG level.
2019-02-25 14:34:24.749  INFO 5504 --- [http-nio-8089-exec-1] o.a.c.c.C.[Tomcat].[localhost].[/]       : Initializing Spring FrameworkServlet 'dispatcherServlet'
2019-02-25 14:34:24.750  INFO 5504 --- [http-nio-8089-exec-1] o.s.web.servlet.DispatcherServlet        : FrameworkServlet 'dispatcherServlet': initialization started
2019-02-25 14:34:24.783  INFO 5504 --- [http-nio-8089-exec-1] o.s.web.servlet.DispatcherServlet        : FrameworkServlet 'dispatcherServlet': initialization completed in 33 ms
